<?xml version="1.0" encoding="utf-8"?><testsuites name="pytest tests"><testsuite name="pytest" errors="0" failures="1" skipped="0" tests="37" time="3.696" timestamp="2026-08-10T08:40:02.187225+00:00" hostname="agent-env-90963a57-ab2a-4d14-b69e-cbbd81eccf8f"><testcase classname="tests.test_erydez_backend" name="test_overview" time="0.309" /><testcase classname="tests.test_erydez_backend" name="test_work_items_views[my-work]" time="0.046" /><testcase classname="tests.test_erydez_backend" name="test_work_items_views[critical]" time="0.045" /><testcase classname="tests.test_erydez_backend" name="test_work_items_views[due-today]" time="0.045" /><testcase classname="tests.test_erydez_backend" name="test_work_items_views[overdue-orders]" time="0.046" /><testcase classname="tests.test_erydez_backend" name="test_work_items_views[customer-waiting]" time="0.047" /><testcase classname="tests.test_erydez_backend" name="test_work_items_views[awaiting-stock]" time="0.045" /><testcase classname="tests.test_erydez_backend" name="test_work_items_views[awaiting-approval]" time="0.045" /><testcase classname="tests.test_erydez_backend" name="test_work_items_views[failed-automation]" time="0.047" /><testcase classname="tests.test_erydez_backend" name="test_work_items_views[unassigned]" time="0.046" /><testcase classname="tests.test_erydez_backend" name="test_work_items_views[all-open]" time="0.044" /><testcase classname="tests.test_erydez_backend" name="test_work_item_patch" time="0.139" /><testcase classname="tests.test_erydez_backend" name="test_orders_filters[unfulfilled]" time="0.070" /><testcase classname="tests.test_erydez_backend" name="test_orders_filters[over-14]" time="0.046" /><testcase classname="tests.test_erydez_backend" name="test_orders_filters[pickup]" time="0.045" /><testcase classname="tests.test_erydez_backend" name="test_orders_filters[missing-tracking]" time="0.044" /><testcase classname="tests.test_erydez_backend" name="test_orders_filters[cancelled-refunded]" time="0.044" /><testcase classname="tests.test_erydez_backend" name="test_orders_search" time="0.042" /><testcase classname="tests.test_erydez_backend" name="test_order_detail" time="0.051" /><testcase classname="tests.test_erydez_backend" name="test_order_not_found" time="0.045" /><testcase classname="tests.test_erydez_backend" name="test_add_note_and_pause" time="0.145" /><testcase classname="tests.test_erydez_backend" name="test_conversations_filters[unread]" time="0.045" /><testcase classname="tests.test_erydez_backend" name="test_conversations_filters[unlinked]" time="0.048" /><testcase classname="tests.test_erydez_backend" name="test_conversations_filters[cancellation]" time="0.044" /><testcase classname="tests.test_erydez_backend" name="test_conversation_detail_and_send" time="0.187" /><testcase classname="tests.test_erydez_backend" name="test_fulfillment_list" time="0.051" /><testcase classname="tests.test_erydez_backend" name="test_fulfillment_scan_mismatch_and_match" time="0.139" /><testcase classname="tests.test_erydez_backend" name="test_fulfillment_advance_requires_tracking" time="0.092"><failure message="assert 200 == 422&#10; +  where 200 = &lt;Response [200]&gt;.status_code">backend/tests/test_erydez_backend.py:166: in test_fulfillment_advance_requires_tracking
    assert r.status_code == 422
E   assert 200 == 422
E    +  where 200 = &lt;Response [200]&gt;.status_code</failure></testcase><testcase classname="tests.test_erydez_backend" name="test_inventory" time="0.048" /><testcase classname="tests.test_erydez_backend" name="test_inventory_sku" time="0.044" /><testcase classname="tests.test_erydez_backend" name="test_returns" time="0.131" /><testcase classname="tests.test_erydez_backend" name="test_appointments" time="0.089" /><testcase classname="tests.test_erydez_backend" name="test_automations" time="0.175" /><testcase classname="tests.test_erydez_backend" name="test_approvals_flow" time="0.223" /><testcase classname="tests.test_erydez_backend" name="test_search" time="0.138" /><testcase classname="tests.test_erydez_backend" name="test_reports" time="0.045" /><testcase classname="tests.test_erydez_backend" name="test_integrations_and_notifications" time="0.136" /></testsuite></testsuites>